# JRE version: Java(TM) SE Runtime Environment (8.0_112-b15) (build 1.8.0_112-b15)
# Java VM: Java HotSpot(TM) 64-Bit Server VM (25.112-b15 mixed mode windows-amd64 compressed oops)
Heap:
 par new generation   total 39424K, used 11033K [0x0000000644800000, 0x00000006472c0000, 0x00000006594c0000)
  eden space 35072K,  26% used [0x0000000644800000, 0x000000064511b450, 0x0000000646a40000)
  from space 4352K,  39% used [0x0000000646e80000, 0x000000064702b050, 0x00000006472c0000)
  to   space 4352K,   0% used [0x0000000646a40000, 0x0000000646a40000, 0x0000000646e80000)
 concurrent mark-sweep generation total 119828K, used 112800K [0x00000006594c0000, 0x00000006609c5000, 0x00000007c0000000)
 Metaspace       used 19741K, capacity 19998K, committed 20224K, reserved 1067008K
  class space    used 2201K, capacity 2300K, committed 2304K, reserved 1048576K
GC Heap History (10 events):
Event: 143.044 GC heap before
{Heap before GC invocations=3 (full 3):
 par new generation   total 39424K, used 18040K [0x0000000644800000, 0x00000006472c0000, 0x00000006594c0000)
  eden space 35072K,  39% used [0x0000000644800000, 0x000000064555e010, 0x0000000646a40000)
  from space 4352K, 100% used [0x0000000646a40000, 0x0000000646e80000, 0x0000000646e80000)
  to   space 4352K,   0% used [0x0000000646e80000, 0x0000000646e80000, 0x00000006472c0000)
 concurrent mark-sweep generation total 87424K, used 13622K [0x00000006594c0000, 0x000000065ea20000, 0x00000007c0000000)
 Metaspace       used 19143K, capacity 19348K, committed 19712K, reserved 1067008K
  class space    used 2159K, capacity 2234K, committed 2304K, reserved 1048576K
Event: 143.054 GC heap after
Heap after GC invocations=4 (full 3):
 par new generation   total 39424K, used 4352K [0x0000000644800000, 0x00000006472c0000, 0x00000006594c0000)
  eden space 35072K,   0% used [0x0000000644800000, 0x0000000644800000, 0x0000000646a40000)
  from space 4352K, 100% used [0x0000000646e80000, 0x00000006472c0000, 0x00000006472c0000)
  to   space 4352K,   0% used [0x0000000646a40000, 0x0000000646a40000, 0x0000000646e80000)
 concurrent mark-sweep generation total 87424K, used 17999K [0x00000006594c0000, 0x000000065ea20000, 0x00000007c0000000)
 Metaspace       used 19143K, capacity 19348K, committed 19712K, reserved 1067008K
  class space    used 2159K, capacity 2234K, committed 2304K, reserved 1048576K
}
Event: 143.085 GC heap before
{Heap before GC invocations=4 (full 3):
 par new generation   total 39424K, used 39418K [0x0000000644800000, 0x00000006472c0000, 0x00000006594c0000)
  eden space 35072K,  99% used [0x0000000644800000, 0x0000000646a3e808, 0x0000000646a40000)
  from space 4352K, 100% used [0x0000000646e80000, 0x00000006472c0000, 0x00000006472c0000)
  to   space 4352K,   0% used [0x0000000646a40000, 0x0000000646a40000, 0x0000000646e80000)
 concurrent mark-sweep generation total 87424K, used 17999K [0x00000006594c0000, 0x000000065ea20000, 0x00000007c0000000)
 Metaspace       used 19145K, capacity 19348K, committed 19712K, reserved 1067008K
  class space    used 2159K, capacity 2234K, committed 2304K, reserved 1048576K
Event: 143.109 GC heap after
Heap after GC invocations=5 (full 3):
 par new generation   total 39424K, used 1769K [0x0000000644800000, 0x00000006472c0000, 0x00000006594c0000)
  eden space 35072K,   0% used [0x0000000644800000, 0x0000000644800000, 0x0000000646a40000)
  from space 4352K,  40% used [0x0000000646a40000, 0x0000000646bfa4e8, 0x0000000646e80000)
  to   space 4352K,   0% used [0x0000000646e80000, 0x0000000646e80000, 0x00000006472c0000)
 concurrent mark-sweep generation total 87424K, used 50399K [0x00000006594c0000, 0x000000065ea20000, 0x00000007c0000000)
 Metaspace       used 19145K, capacity 19348K, committed 19712K, reserved 1067008K
  class space    used 2159K, capacity 2234K, committed 2304K, reserved 1048576K
}
Event: 143.624 GC heap before
{Heap before GC invocations=5 (full 3):
 par new generation   total 39424K, used 32846K [0x0000000644800000, 0x00000006472c0000, 0x00000006594c0000)
  eden space 35072K,  88% used [0x0000000644800000, 0x0000000646659640, 0x0000000646a40000)
  from space 4352K,  40% used [0x0000000646a40000, 0x0000000646bfa4e8, 0x0000000646e80000)
  to   space 4352K,   0% used [0x0000000646e80000, 0x0000000646e80000, 0x00000006472c0000)
 concurrent mark-sweep generation total 87424K, used 50399K [0x00000006594c0000, 0x000000065ea20000, 0x00000007c0000000)
 Metaspace       used 19208K, capacity 19476K, committed 19712K, reserved 1067008K
  class space    used 2161K, capacity 2234K, committed 2304K, reserved 1048576K
Event: 143.626 GC heap after
Heap after GC invocations=6 (full 3):
 par new generation   total 39424K, used 1623K [0x0000000644800000, 0x00000006472c0000, 0x00000006594c0000)
  eden space 35072K,   0% used [0x0000000644800000, 0x0000000644800000, 0x0000000646a40000)
  from space 4352K,  37% used [0x0000000646e80000, 0x0000000647015c38, 0x00000006472c0000)
  to   space 4352K,   0% used [0x0000000646a40000, 0x0000000646a40000, 0x0000000646e80000)
 concurrent mark-sweep generation total 87424K, used 50399K [0x00000006594c0000, 0x000000065ea20000, 0x00000007c0000000)
 Metaspace       used 19208K, capacity 19476K, committed 19712K, reserved 1067008K
  class space    used 2161K, capacity 2234K, committed 2304K, reserved 1048576K
}
Event: 161.989 GC heap before
{Heap before GC invocations=6 (full 3):
 par new generation   total 39424K, used 36695K [0x0000000644800000, 0x00000006472c0000, 0x00000006594c0000)
  eden space 35072K, 100% used [0x0000000644800000, 0x0000000646a40000, 0x0000000646a40000)
  from space 4352K,  37% used [0x0000000646e80000, 0x0000000647015c38, 0x00000006472c0000)
  to   space 4352K,   0% used [0x0000000646a40000, 0x0000000646a40000, 0x0000000646e80000)
 concurrent mark-sweep generation total 87424K, used 48000K [0x00000006594c0000, 0x000000065ea20000, 0x00000007c0000000)
 Metaspace       used 19726K, capacity 19988K, committed 20224K, reserved 1067008K
  class space    used 2200K, capacity 2298K, committed 2304K, reserved 1048576K
Event: 162.016 GC heap after
Heap after GC invocations=7 (full 3):
 par new generation   total 39424K, used 1969K [0x0000000644800000, 0x00000006472c0000, 0x00000006594c0000)
  eden space 35072K,   0% used [0x0000000644800000, 0x0000000644800000, 0x0000000646a40000)
  from space 4352K,  45% used [0x0000000646a40000, 0x0000000646c2c5f0, 0x0000000646e80000)
  to   space 4352K,   0% used [0x0000000646e80000, 0x0000000646e80000, 0x00000006472c0000)
 concurrent mark-sweep generation total 87424K, used 80400K [0x00000006594c0000, 0x000000065ea20000, 0x00000007c0000000)
 Metaspace       used 19726K, capacity 19988K, committed 20224K, reserved 1067008K
  class space    used 2200K, capacity 2298K, committed 2304K, reserved 1048576K
}
Event: 162.064 GC heap before
{Heap before GC invocations=7 (full 3):
 par new generation   total 39424K, used 37041K [0x0000000644800000, 0x00000006472c0000, 0x00000006594c0000)
  eden space 35072K, 100% used [0x0000000644800000, 0x0000000646a40000, 0x0000000646a40000)
  from space 4352K,  45% used [0x0000000646a40000, 0x0000000646c2c5f0, 0x0000000646e80000)
  to   space 4352K,   0% used [0x0000000646e80000, 0x0000000646e80000, 0x00000006472c0000)
 concurrent mark-sweep generation total 87424K, used 80400K [0x00000006594c0000, 0x000000065ea20000, 0x00000007c0000000)
 Metaspace       used 19736K, capacity 19998K, committed 20224K, reserved 1067008K
  class space    used 2201K, capacity 2300K, committed 2304K, reserved 1048576K
Event: 162.082 GC heap after
Heap after GC invocations=8 (full 3):
 par new generation   total 39424K, used 1708K [0x0000000644800000, 0x00000006472c0000, 0x00000006594c0000)
  eden space 35072K,   0% used [0x0000000644800000, 0x0000000644800000, 0x0000000646a40000)
  from space 4352K,  39% used [0x0000000646e80000, 0x000000064702b050, 0x00000006472c0000)
  to   space 4352K,   0% used [0x0000000646a40000, 0x0000000646a40000, 0x0000000646e80000)
 concurrent mark-sweep generation total 119828K, used 112800K [0x00000006594c0000, 0x00000006609c5000, 0x00000007c0000000)
 Metaspace       used 19736K, capacity 19998K, committed 20224K, reserved 1067008K
  class space    used 2201K, capacity 2300K, committed 2304K, reserved 1048576K
}

